<?xml version="1.0" encoding="UTF-8"?>
<!-- Generated by org.testng.reporters.JUnitReportReporter -->
<testsuite skipped="0" hostname="sudhir" name="com.testvagrant.WikipediaPage" tests="2" failures="0" timestamp="05 Sep 2022 15:26:04 GMT" time="7.283" errors="0">
  <testcase name="searchMovieInWikipedia" time="7.235" classname="com.testvagrant.WikipediaPage"/>
  <testcase name="getReleaseInfo" time="0.048" classname="com.testvagrant.WikipediaPage"/>
</testsuite> <!-- com.testvagrant.WikipediaPage -->
