<?xml version="1.0" encoding="UTF-8"?>
<!-- Generated by org.testng.reporters.JUnitReportReporter -->
<testsuite skipped="0" hostname="sudhir" name="com.testvagrant.QaTask" tests="6" failures="0" timestamp="07 Sep 2022 00:28:08 GMT" time="41.727" errors="0">
  <testcase name="searchMovieInIMDB" time="20.775" classname="com.testvagrant.QaTask"/>
  <testcase name="getReleaseDateIMDB" time="0.306" classname="com.testvagrant.QaTask"/>
  <testcase name="getCountryOfOriginIMDB" time="0.041" classname="com.testvagrant.QaTask"/>
  <testcase name="searchMovieInWikipedia" time="20.531" classname="com.testvagrant.QaTask"/>
  <testcase name="getReleaseInfoWikipedia" time="0.040" classname="com.testvagrant.QaTask"/>
  <testcase name="getCountryOriginWikipedia" time="0.034" classname="com.testvagrant.QaTask"/>
</testsuite> <!-- com.testvagrant.QaTask -->
